0 info it worked if it ends with ok
1 verbose cli [ '/usr/local/bin/node',
1 verbose cli   '/usr/local/bin/npm',
1 verbose cli   'run-script',
1 verbose cli   'dev_mac' ]
2 info using npm@3.3.12
3 info using node@v5.2.0
4 verbose run-script [ 'predev_mac', 'dev_mac', 'postdev_mac' ]
5 info lifecycle react-course-backend@0.1.0~predev_mac: react-course-backend@0.1.0
6 silly lifecycle react-course-backend@0.1.0~predev_mac: no script for predev_mac, continuing
7 info lifecycle react-course-backend@0.1.0~dev_mac: react-course-backend@0.1.0
8 verbose lifecycle react-course-backend@0.1.0~dev_mac: unsafe-perm in lifecycle true
9 verbose lifecycle react-course-backend@0.1.0~dev_mac: PATH: /usr/local/lib/node_modules/npm/bin/node-gyp-bin:/Users/IlyaLitvinov/Documents/Projects/notes-manager/node_modules/.bin:/usr/local/bin:/usr/bin:/bin:/usr/sbin:/sbin
10 verbose lifecycle react-course-backend@0.1.0~dev_mac: CWD: /Users/IlyaLitvinov/Documents/Projects/notes-manager
11 silly lifecycle react-course-backend@0.1.0~dev_mac: Args: [ '-c', 'export NODE_ENV=DEV&&node server.js' ]
12 silly lifecycle react-course-backend@0.1.0~dev_mac: Returned: code: 1  signal: null
13 info lifecycle react-course-backend@0.1.0~dev_mac: Failed to exec dev_mac script
14 verbose stack Error: react-course-backend@0.1.0 dev_mac: `export NODE_ENV=DEV&&node server.js`
14 verbose stack Exit status 1
14 verbose stack     at EventEmitter.<anonymous> (/usr/local/lib/node_modules/npm/lib/utils/lifecycle.js:232:16)
14 verbose stack     at emitTwo (events.js:88:13)
14 verbose stack     at EventEmitter.emit (events.js:173:7)
14 verbose stack     at ChildProcess.<anonymous> (/usr/local/lib/node_modules/npm/lib/utils/spawn.js:24:14)
14 verbose stack     at emitTwo (events.js:88:13)
14 verbose stack     at ChildProcess.emit (events.js:173:7)
14 verbose stack     at maybeClose (internal/child_process.js:819:16)
14 verbose stack     at Process.ChildProcess._handle.onexit (internal/child_process.js:212:5)
15 verbose pkgid react-course-backend@0.1.0
16 verbose cwd /Users/IlyaLitvinov/Documents/Projects/notes-manager
17 error Darwin 15.0.0
18 error argv "/usr/local/bin/node" "/usr/local/bin/npm" "run-script" "dev_mac"
19 error node v5.2.0
20 error npm  v3.3.12
21 error code ELIFECYCLE
22 error react-course-backend@0.1.0 dev_mac: `export NODE_ENV=DEV&&node server.js`
22 error Exit status 1
23 error Failed at the react-course-backend@0.1.0 dev_mac script 'export NODE_ENV=DEV&&node server.js'.
23 error Make sure you have the latest version of node.js and npm installed.
23 error If you do, this is most likely a problem with the react-course-backend package,
23 error not with npm itself.
23 error Tell the author that this fails on your system:
23 error     export NODE_ENV=DEV&&node server.js
23 error You can get their info via:
23 error     npm owner ls react-course-backend
23 error There is likely additional logging output above.
24 verbose exit [ 1, true ]
